2023-04-18 10:23:23.538  INFO 13252 --- [main] bank.project.app.AppApplication          : Starting AppApplication using Java 1.8.0_292 on WPG02V1LQ with PID 13252 (C:\DLTE-Full Stack Development\DLTE-Project-App\target\classes started by xxmanoka in C:\DLTE-Full Stack Development\DLTE-Project-App)
2023-04-18 10:23:23.542  INFO 13252 --- [main] bank.project.app.AppApplication          : No active profile set, falling back to 1 default profile: "default"
2023-04-18 10:23:24.132  INFO 13252 --- [main] .s.d.r.c.RepositoryConfigurationDelegate : Bootstrapping Spring Data JDBC repositories in DEFAULT mode.
2023-04-18 10:23:24.182  INFO 13252 --- [main] .s.d.r.c.RepositoryConfigurationDelegate : Finished Spring Data repository scanning in 9 ms. Found 0 JDBC repository interfaces.
2023-04-18 10:23:24.416  INFO 13252 --- [main] trationDelegate$BeanPostProcessorChecker : Bean 'bankConfiguration' of type [bank.project.app.BankConfiguration$$EnhancerBySpringCGLIB$$a61017e] is not eligible for getting processed by all BeanPostProcessors (for example: not eligible for auto-proxying)
2023-04-18 10:23:24.418  INFO 13252 --- [main] trationDelegate$BeanPostProcessorChecker : Bean 'org.springframework.ws.config.annotation.DelegatingWsConfiguration' of type [org.springframework.ws.config.annotation.DelegatingWsConfiguration$$EnhancerBySpringCGLIB$$79401432] is not eligible for getting processed by all BeanPostProcessors (for example: not eligible for auto-proxying)
2023-04-18 10:23:24.460  INFO 13252 --- [main] .w.s.a.s.AnnotationActionEndpointMapping : Supporting [WS-Addressing August 2004, WS-Addressing 1.0]
2023-04-18 10:23:24.695  INFO 13252 --- [main] o.s.b.w.embedded.tomcat.TomcatWebServer  : Tomcat initialized with port(s): 8085 (http)
2023-04-18 10:23:24.703  INFO 13252 --- [main] o.apache.catalina.core.StandardService   : Starting service [Tomcat]
2023-04-18 10:23:24.704  INFO 13252 --- [main] org.apache.catalina.core.StandardEngine  : Starting Servlet engine: [Apache Tomcat/9.0.73]
2023-04-18 10:23:24.787  INFO 13252 --- [main] o.a.c.c.C.[Tomcat].[localhost].[/]       : Initializing Spring embedded WebApplicationContext
2023-04-18 10:23:24.788  INFO 13252 --- [main] w.s.c.ServletWebServerApplicationContext : Root WebApplicationContext: initialization completed in 1208 ms
2023-04-18 10:23:25.191  INFO 13252 --- [main] o.s.b.a.w.s.WelcomePageHandlerMapping    : Adding welcome page template: index
2023-04-18 10:23:25.360  INFO 13252 --- [main] com.zaxxer.hikari.HikariDataSource       : HikariPool-1 - Starting...
2023-04-18 10:23:25.362  WARN 13252 --- [main] com.zaxxer.hikari.util.DriverDataSource  : Registered driver with driverClassName=oracle.jdbc.driver.OracleDriver was not found, trying direct instantiation.
2023-04-18 10:23:25.654  INFO 13252 --- [main] com.zaxxer.hikari.HikariDataSource       : HikariPool-1 - Start completed.
2023-04-18 10:23:25.775  INFO 13252 --- [main] o.s.b.w.embedded.tomcat.TomcatWebServer  : Tomcat started on port(s): 8085 (http) with context path ''
2023-04-18 10:23:25.786  INFO 13252 --- [main] bank.project.app.AppApplication          : Started AppApplication in 2.705 seconds (JVM running for 3.852)
2023-04-18 10:24:06.912  INFO 13252 --- [http-nio-8085-exec-1] o.a.c.c.C.[Tomcat].[localhost].[/]       : Initializing Spring DispatcherServlet 'dispatcherServlet'
2023-04-18 10:24:06.913  INFO 13252 --- [http-nio-8085-exec-1] o.s.web.servlet.DispatcherServlet        : Initializing Servlet 'dispatcherServlet'
2023-04-18 10:24:06.915  INFO 13252 --- [http-nio-8085-exec-1] o.s.web.servlet.DispatcherServlet        : Completed initialization in 1 ms
2023-04-18 10:24:20.845  INFO 13252 --- [http-nio-8085-exec-6] bank.project.dao.BankService             : Customer(customerID=101, customerContact=1234568775, customerName=Hemanth, customerAddress=GHI Road,KHF Street,988, customerStatus=inactive, username=hemanth, password=hemanthpass, failedAttempts=3) has been returned to controller
2023-04-18 10:24:34.965  INFO 13252 --- [http-nio-8085-exec-7] bank.project.dao.BankService             : Customer(customerID=102, customerContact=7864386458, customerName=Anvis, customerAddress=WER Street,ASD Road,654, customerStatus=Active, username=anvis, password=anvispass, failedAttempts=0) has been returned to controller
2023-04-18 10:24:35.111  INFO 13252 --- [http-nio-8085-exec-9] o.a.c.c.C.[Tomcat].[localhost].[/]       : Initializing Spring MessageDispatcherServlet 'messageDispatcherServlet'
2023-04-18 10:24:35.111  INFO 13252 --- [http-nio-8085-exec-9] o.s.w.t.http.MessageDispatcherServlet    : Initializing Servlet 'messageDispatcherServlet'
2023-04-18 10:24:35.123  INFO 13252 --- [http-nio-8085-exec-9] o.s.ws.soap.saaj.SaajSoapMessageFactory  : Creating SAAJ 1.3 MessageFactory with SOAP 1.1 Protocol
2023-04-18 10:24:35.148  INFO 13252 --- [http-nio-8085-exec-9] o.s.w.t.http.MessageDispatcherServlet    : Completed initialization in 36 ms
2023-04-18 10:24:35.511  INFO 13252 --- [http-nio-8085-exec-9] bank.project.app.BankEndpoints           : soap.project.bank.ListLoanResponse@1ebbdd56
2023-04-18 10:24:38.826  INFO 13252 --- [http-nio-8085-exec-1] bank.project.app.BankEndpoints           : soap.project.bank.ListLoanResponse@d0b7658
2023-04-18 10:24:53.417  INFO 13252 --- [http-nio-8085-exec-2] bank.project.dao.BankService             : Customer(customerID=102, customerContact=7864386458, customerName=Anvis, customerAddress=WER Street,ASD Road,654, customerStatus=Active, username=anvis, password=anvispass, failedAttempts=0) has been returned to controller
2023-04-18 10:24:53.451 ERROR 13252 --- [http-nio-8085-exec-2] o.a.c.c.C.[.[.[/].[dispatcherServlet]    : Servlet.service() for servlet [dispatcherServlet] in context with path [] threw exception [Request processing failed; nested exception is java.util.MissingResourceException: Can't find resource for bundle java.util.PropertyResourceBundle, key passIncorect] with root cause

java.util.MissingResourceException: Can't find resource for bundle java.util.PropertyResourceBundle, key passIncorect
	at java.util.ResourceBundle.getObject(ResourceBundle.java:450) ~[na:1.8.0_292]
	at java.util.ResourceBundle.getString(ResourceBundle.java:407) ~[na:1.8.0_292]
	at bank.project.app.BankController.loginMethod(BankController.java:68) ~[classes/:na]
	at sun.reflect.NativeMethodAccessorImpl.invoke0(Native Method) ~[na:1.8.0_292]
	at sun.reflect.NativeMethodAccessorImpl.invoke(NativeMethodAccessorImpl.java:62) ~[na:1.8.0_292]
	at sun.reflect.DelegatingMethodAccessorImpl.invoke(DelegatingMethodAccessorImpl.java:43) ~[na:1.8.0_292]
	at java.lang.reflect.Method.invoke(Method.java:498) ~[na:1.8.0_292]
	at org.springframework.web.method.support.InvocableHandlerMethod.doInvoke(InvocableHandlerMethod.java:205) ~[spring-web-5.3.26.jar:5.3.26]
	at org.springframework.web.method.support.InvocableHandlerMethod.invokeForRequest(InvocableHandlerMethod.java:150) ~[spring-web-5.3.26.jar:5.3.26]
	at org.springframework.web.servlet.mvc.method.annotation.ServletInvocableHandlerMethod.invokeAndHandle(ServletInvocableHandlerMethod.java:117) ~[spring-webmvc-5.3.26.jar:5.3.26]
	at org.springframework.web.servlet.mvc.method.annotation.RequestMappingHandlerAdapter.invokeHandlerMethod(RequestMappingHandlerAdapter.java:895) ~[spring-webmvc-5.3.26.jar:5.3.26]
	at org.springframework.web.servlet.mvc.method.annotation.RequestMappingHandlerAdapter.handleInternal(RequestMappingHandlerAdapter.java:808) ~[spring-webmvc-5.3.26.jar:5.3.26]
	at org.springframework.web.servlet.mvc.method.AbstractHandlerMethodAdapter.handle(AbstractHandlerMethodAdapter.java:87) ~[spring-webmvc-5.3.26.jar:5.3.26]
	at org.springframework.web.servlet.DispatcherServlet.doDispatch(DispatcherServlet.java:1072) ~[spring-webmvc-5.3.26.jar:5.3.26]
	at org.springframework.web.servlet.DispatcherServlet.doService(DispatcherServlet.java:965) ~[spring-webmvc-5.3.26.jar:5.3.26]
	at org.springframework.web.servlet.FrameworkServlet.processRequest(FrameworkServlet.java:1006) ~[spring-webmvc-5.3.26.jar:5.3.26]
	at org.springframework.web.servlet.FrameworkServlet.doPost(FrameworkServlet.java:909) ~[spring-webmvc-5.3.26.jar:5.3.26]
	at javax.servlet.http.HttpServlet.service(HttpServlet.java:528) ~[tomcat-embed-core-9.0.73.jar:4.0.FR]
	at org.springframework.web.servlet.FrameworkServlet.service(FrameworkServlet.java:883) ~[spring-webmvc-5.3.26.jar:5.3.26]
	at javax.servlet.http.HttpServlet.service(HttpServlet.java:596) ~[tomcat-embed-core-9.0.73.jar:4.0.FR]
	at org.apache.catalina.core.ApplicationFilterChain.internalDoFilter(ApplicationFilterChain.java:209) ~[tomcat-embed-core-9.0.73.jar:9.0.73]
	at org.apache.catalina.core.ApplicationFilterChain.doFilter(ApplicationFilterChain.java:153) ~[tomcat-embed-core-9.0.73.jar:9.0.73]
	at org.apache.tomcat.websocket.server.WsFilter.doFilter(WsFilter.java:53) ~[tomcat-embed-websocket-9.0.73.jar:9.0.73]
	at org.apache.catalina.core.ApplicationFilterChain.internalDoFilter(ApplicationFilterChain.java:178) ~[tomcat-embed-core-9.0.73.jar:9.0.73]
	at org.apache.catalina.core.ApplicationFilterChain.doFilter(ApplicationFilterChain.java:153) ~[tomcat-embed-core-9.0.73.jar:9.0.73]
	at org.springframework.web.filter.RequestContextFilter.doFilterInternal(RequestContextFilter.java:100) ~[spring-web-5.3.26.jar:5.3.26]
	at org.springframework.web.filter.OncePerRequestFilter.doFilter(OncePerRequestFilter.java:117) ~[spring-web-5.3.26.jar:5.3.26]
	at org.apache.catalina.core.ApplicationFilterChain.internalDoFilter(ApplicationFilterChain.java:178) ~[tomcat-embed-core-9.0.73.jar:9.0.73]
	at org.apache.catalina.core.ApplicationFilterChain.doFilter(ApplicationFilterChain.java:153) ~[tomcat-embed-core-9.0.73.jar:9.0.73]
	at org.springframework.web.filter.FormContentFilter.doFilterInternal(FormContentFilter.java:93) ~[spring-web-5.3.26.jar:5.3.26]
	at org.springframework.web.filter.OncePerRequestFilter.doFilter(OncePerRequestFilter.java:117) ~[spring-web-5.3.26.jar:5.3.26]
	at org.apache.catalina.core.ApplicationFilterChain.internalDoFilter(ApplicationFilterChain.java:178) ~[tomcat-embed-core-9.0.73.jar:9.0.73]
	at org.apache.catalina.core.ApplicationFilterChain.doFilter(ApplicationFilterChain.java:153) ~[tomcat-embed-core-9.0.73.jar:9.0.73]
	at org.springframework.web.filter.CharacterEncodingFilter.doFilterInternal(CharacterEncodingFilter.java:201) ~[spring-web-5.3.26.jar:5.3.26]
	at org.springframework.web.filter.OncePerRequestFilter.doFilter(OncePerRequestFilter.java:117) ~[spring-web-5.3.26.jar:5.3.26]
	at org.apache.catalina.core.ApplicationFilterChain.internalDoFilter(ApplicationFilterChain.java:178) ~[tomcat-embed-core-9.0.73.jar:9.0.73]
	at org.apache.catalina.core.ApplicationFilterChain.doFilter(ApplicationFilterChain.java:153) ~[tomcat-embed-core-9.0.73.jar:9.0.73]
	at org.apache.catalina.core.StandardWrapperValve.invoke(StandardWrapperValve.java:167) ~[tomcat-embed-core-9.0.73.jar:9.0.73]
	at org.apache.catalina.core.StandardContextValve.invoke(StandardContextValve.java:90) [tomcat-embed-core-9.0.73.jar:9.0.73]
	at org.apache.catalina.authenticator.AuthenticatorBase.invoke(AuthenticatorBase.java:492) [tomcat-embed-core-9.0.73.jar:9.0.73]
	at org.apache.catalina.core.StandardHostValve.invoke(StandardHostValve.java:130) [tomcat-embed-core-9.0.73.jar:9.0.73]
	at org.apache.catalina.valves.ErrorReportValve.invoke(ErrorReportValve.java:93) [tomcat-embed-core-9.0.73.jar:9.0.73]
	at org.apache.catalina.core.StandardEngineValve.invoke(StandardEngineValve.java:74) [tomcat-embed-core-9.0.73.jar:9.0.73]
	at org.apache.catalina.connector.CoyoteAdapter.service(CoyoteAdapter.java:343) [tomcat-embed-core-9.0.73.jar:9.0.73]
	at org.apache.coyote.http11.Http11Processor.service(Http11Processor.java:389) [tomcat-embed-core-9.0.73.jar:9.0.73]
	at org.apache.coyote.AbstractProcessorLight.process(AbstractProcessorLight.java:63) [tomcat-embed-core-9.0.73.jar:9.0.73]
	at org.apache.coyote.AbstractProtocol$ConnectionHandler.process(AbstractProtocol.java:926) [tomcat-embed-core-9.0.73.jar:9.0.73]
	at org.apache.tomcat.util.net.NioEndpoint$SocketProcessor.doRun(NioEndpoint.java:1791) [tomcat-embed-core-9.0.73.jar:9.0.73]
	at org.apache.tomcat.util.net.SocketProcessorBase.run(SocketProcessorBase.java:49) [tomcat-embed-core-9.0.73.jar:9.0.73]
	at org.apache.tomcat.util.threads.ThreadPoolExecutor.runWorker(ThreadPoolExecutor.java:1191) [tomcat-embed-core-9.0.73.jar:9.0.73]
	at org.apache.tomcat.util.threads.ThreadPoolExecutor$Worker.run(ThreadPoolExecutor.java:659) [tomcat-embed-core-9.0.73.jar:9.0.73]
	at org.apache.tomcat.util.threads.TaskThread$WrappingRunnable.run(TaskThread.java:61) [tomcat-embed-core-9.0.73.jar:9.0.73]
	at java.lang.Thread.run(Thread.java:748) [na:1.8.0_292]

2023-04-18 10:24:55.436  INFO 13252 --- [http-nio-8085-exec-4] bank.project.dao.BankService             : Customer(customerID=102, customerContact=7864386458, customerName=Anvis, customerAddress=WER Street,ASD Road,654, customerStatus=Active, username=anvis, password=anvispass, failedAttempts=1) has been returned to controller
2023-04-18 10:24:55.478 ERROR 13252 --- [http-nio-8085-exec-4] o.a.c.c.C.[.[.[/].[dispatcherServlet]    : Servlet.service() for servlet [dispatcherServlet] in context with path [] threw exception [Request processing failed; nested exception is java.util.MissingResourceException: Can't find resource for bundle java.util.PropertyResourceBundle, key passIncorect] with root cause

java.util.MissingResourceException: Can't find resource for bundle java.util.PropertyResourceBundle, key passIncorect
	at java.util.ResourceBundle.getObject(ResourceBundle.java:450) ~[na:1.8.0_292]
	at java.util.ResourceBundle.getString(ResourceBundle.java:407) ~[na:1.8.0_292]
	at bank.project.app.BankController.loginMethod(BankController.java:68) ~[classes/:na]
	at sun.reflect.NativeMethodAccessorImpl.invoke0(Native Method) ~[na:1.8.0_292]
	at sun.reflect.NativeMethodAccessorImpl.invoke(NativeMethodAccessorImpl.java:62) ~[na:1.8.0_292]
	at sun.reflect.DelegatingMethodAccessorImpl.invoke(DelegatingMethodAccessorImpl.java:43) ~[na:1.8.0_292]
	at java.lang.reflect.Method.invoke(Method.java:498) ~[na:1.8.0_292]
	at org.springframework.web.method.support.InvocableHandlerMethod.doInvoke(InvocableHandlerMethod.java:205) ~[spring-web-5.3.26.jar:5.3.26]
	at org.springframework.web.method.support.InvocableHandlerMethod.invokeForRequest(InvocableHandlerMethod.java:150) ~[spring-web-5.3.26.jar:5.3.26]
	at org.springframework.web.servlet.mvc.method.annotation.ServletInvocableHandlerMethod.invokeAndHandle(ServletInvocableHandlerMethod.java:117) ~[spring-webmvc-5.3.26.jar:5.3.26]
	at org.springframework.web.servlet.mvc.method.annotation.RequestMappingHandlerAdapter.invokeHandlerMethod(RequestMappingHandlerAdapter.java:895) ~[spring-webmvc-5.3.26.jar:5.3.26]
	at org.springframework.web.servlet.mvc.method.annotation.RequestMappingHandlerAdapter.handleInternal(RequestMappingHandlerAdapter.java:808) ~[spring-webmvc-5.3.26.jar:5.3.26]
	at org.springframework.web.servlet.mvc.method.AbstractHandlerMethodAdapter.handle(AbstractHandlerMethodAdapter.java:87) ~[spring-webmvc-5.3.26.jar:5.3.26]
	at org.springframework.web.servlet.DispatcherServlet.doDispatch(DispatcherServlet.java:1072) ~[spring-webmvc-5.3.26.jar:5.3.26]
	at org.springframework.web.servlet.DispatcherServlet.doService(DispatcherServlet.java:965) ~[spring-webmvc-5.3.26.jar:5.3.26]
	at org.springframework.web.servlet.FrameworkServlet.processRequest(FrameworkServlet.java:1006) ~[spring-webmvc-5.3.26.jar:5.3.26]
	at org.springframework.web.servlet.FrameworkServlet.doPost(FrameworkServlet.java:909) ~[spring-webmvc-5.3.26.jar:5.3.26]
	at javax.servlet.http.HttpServlet.service(HttpServlet.java:528) ~[tomcat-embed-core-9.0.73.jar:4.0.FR]
	at org.springframework.web.servlet.FrameworkServlet.service(FrameworkServlet.java:883) ~[spring-webmvc-5.3.26.jar:5.3.26]
	at javax.servlet.http.HttpServlet.service(HttpServlet.java:596) ~[tomcat-embed-core-9.0.73.jar:4.0.FR]
	at org.apache.catalina.core.ApplicationFilterChain.internalDoFilter(ApplicationFilterChain.java:209) ~[tomcat-embed-core-9.0.73.jar:9.0.73]
	at org.apache.catalina.core.ApplicationFilterChain.doFilter(ApplicationFilterChain.java:153) ~[tomcat-embed-core-9.0.73.jar:9.0.73]
	at org.apache.tomcat.websocket.server.WsFilter.doFilter(WsFilter.java:53) ~[tomcat-embed-websocket-9.0.73.jar:9.0.73]
	at org.apache.catalina.core.ApplicationFilterChain.internalDoFilter(ApplicationFilterChain.java:178) ~[tomcat-embed-core-9.0.73.jar:9.0.73]
	at org.apache.catalina.core.ApplicationFilterChain.doFilter(ApplicationFilterChain.java:153) ~[tomcat-embed-core-9.0.73.jar:9.0.73]
	at org.springframework.web.filter.RequestContextFilter.doFilterInternal(RequestContextFilter.java:100) ~[spring-web-5.3.26.jar:5.3.26]
	at org.springframework.web.filter.OncePerRequestFilter.doFilter(OncePerRequestFilter.java:117) ~[spring-web-5.3.26.jar:5.3.26]
	at org.apache.catalina.core.ApplicationFilterChain.internalDoFilter(ApplicationFilterChain.java:178) ~[tomcat-embed-core-9.0.73.jar:9.0.73]
	at org.apache.catalina.core.ApplicationFilterChain.doFilter(ApplicationFilterChain.java:153) ~[tomcat-embed-core-9.0.73.jar:9.0.73]
	at org.springframework.web.filter.FormContentFilter.doFilterInternal(FormContentFilter.java:93) ~[spring-web-5.3.26.jar:5.3.26]
	at org.springframework.web.filter.OncePerRequestFilter.doFilter(OncePerRequestFilter.java:117) ~[spring-web-5.3.26.jar:5.3.26]
	at org.apache.catalina.core.ApplicationFilterChain.internalDoFilter(ApplicationFilterChain.java:178) ~[tomcat-embed-core-9.0.73.jar:9.0.73]
	at org.apache.catalina.core.ApplicationFilterChain.doFilter(ApplicationFilterChain.java:153) ~[tomcat-embed-core-9.0.73.jar:9.0.73]
	at org.springframework.web.filter.CharacterEncodingFilter.doFilterInternal(CharacterEncodingFilter.java:201) ~[spring-web-5.3.26.jar:5.3.26]
	at org.springframework.web.filter.OncePerRequestFilter.doFilter(OncePerRequestFilter.java:117) ~[spring-web-5.3.26.jar:5.3.26]
	at org.apache.catalina.core.ApplicationFilterChain.internalDoFilter(ApplicationFilterChain.java:178) ~[tomcat-embed-core-9.0.73.jar:9.0.73]
	at org.apache.catalina.core.ApplicationFilterChain.doFilter(ApplicationFilterChain.java:153) ~[tomcat-embed-core-9.0.73.jar:9.0.73]
	at org.apache.catalina.core.StandardWrapperValve.invoke(StandardWrapperValve.java:167) ~[tomcat-embed-core-9.0.73.jar:9.0.73]
	at org.apache.catalina.core.StandardContextValve.invoke(StandardContextValve.java:90) [tomcat-embed-core-9.0.73.jar:9.0.73]
	at org.apache.catalina.authenticator.AuthenticatorBase.invoke(AuthenticatorBase.java:492) [tomcat-embed-core-9.0.73.jar:9.0.73]
	at org.apache.catalina.core.StandardHostValve.invoke(StandardHostValve.java:130) [tomcat-embed-core-9.0.73.jar:9.0.73]
	at org.apache.catalina.valves.ErrorReportValve.invoke(ErrorReportValve.java:93) [tomcat-embed-core-9.0.73.jar:9.0.73]
	at org.apache.catalina.core.StandardEngineValve.invoke(StandardEngineValve.java:74) [tomcat-embed-core-9.0.73.jar:9.0.73]
	at org.apache.catalina.connector.CoyoteAdapter.service(CoyoteAdapter.java:343) [tomcat-embed-core-9.0.73.jar:9.0.73]
	at org.apache.coyote.http11.Http11Processor.service(Http11Processor.java:389) [tomcat-embed-core-9.0.73.jar:9.0.73]
	at org.apache.coyote.AbstractProcessorLight.process(AbstractProcessorLight.java:63) [tomcat-embed-core-9.0.73.jar:9.0.73]
	at org.apache.coyote.AbstractProtocol$ConnectionHandler.process(AbstractProtocol.java:926) [tomcat-embed-core-9.0.73.jar:9.0.73]
	at org.apache.tomcat.util.net.NioEndpoint$SocketProcessor.doRun(NioEndpoint.java:1791) [tomcat-embed-core-9.0.73.jar:9.0.73]
	at org.apache.tomcat.util.net.SocketProcessorBase.run(SocketProcessorBase.java:49) [tomcat-embed-core-9.0.73.jar:9.0.73]
	at org.apache.tomcat.util.threads.ThreadPoolExecutor.runWorker(ThreadPoolExecutor.java:1191) [tomcat-embed-core-9.0.73.jar:9.0.73]
	at org.apache.tomcat.util.threads.ThreadPoolExecutor$Worker.run(ThreadPoolExecutor.java:659) [tomcat-embed-core-9.0.73.jar:9.0.73]
	at org.apache.tomcat.util.threads.TaskThread$WrappingRunnable.run(TaskThread.java:61) [tomcat-embed-core-9.0.73.jar:9.0.73]
	at java.lang.Thread.run(Thread.java:748) [na:1.8.0_292]

2023-04-18 10:25:05.276  INFO 13252 --- [http-nio-8085-exec-3] bank.project.dao.BankService             : Customer(customerID=102, customerContact=7864386458, customerName=Anvis, customerAddress=WER Street,ASD Road,654, customerStatus=Active, username=anvis, password=anvispass, failedAttempts=2) has been returned to controller
2023-04-18 10:25:05.371  INFO 13252 --- [http-nio-8085-exec-7] bank.project.app.BankEndpoints           : soap.project.bank.ListLoanResponse@587db86d
2023-04-18 10:33:17.101  INFO 13252 --- [http-nio-8085-exec-10] bank.project.app.BankEndpoints           : soap.project.bank.ListLoanResponse@605885b1
2023-04-18 10:37:21.466  INFO 9332 --- [main] bank.project.app.AppApplication          : Starting AppApplication using Java 1.8.0_292 on WPG02V1LQ with PID 9332 (C:\DLTE-Full Stack Development\DLTE-Project-App\target\classes started by xxmanoka in C:\DLTE-Full Stack Development\DLTE-Project-App)
2023-04-18 10:37:21.470  INFO 9332 --- [main] bank.project.app.AppApplication          : No active profile set, falling back to 1 default profile: "default"
2023-04-18 10:37:22.139  INFO 9332 --- [main] .s.d.r.c.RepositoryConfigurationDelegate : Bootstrapping Spring Data JDBC repositories in DEFAULT mode.
2023-04-18 10:37:22.151  INFO 9332 --- [main] .s.d.r.c.RepositoryConfigurationDelegate : Finished Spring Data repository scanning in 8 ms. Found 0 JDBC repository interfaces.
2023-04-18 10:37:22.348  INFO 9332 --- [main] trationDelegate$BeanPostProcessorChecker : Bean 'bankConfiguration' of type [bank.project.app.BankConfiguration$$EnhancerBySpringCGLIB$$5a38a2e] is not eligible for getting processed by all BeanPostProcessors (for example: not eligible for auto-proxying)
2023-04-18 10:37:22.349  INFO 9332 --- [main] trationDelegate$BeanPostProcessorChecker : Bean 'org.springframework.ws.config.annotation.DelegatingWsConfiguration' of type [org.springframework.ws.config.annotation.DelegatingWsConfiguration$$EnhancerBySpringCGLIB$$74829ce2] is not eligible for getting processed by all BeanPostProcessors (for example: not eligible for auto-proxying)
2023-04-18 10:37:22.390  INFO 9332 --- [main] .w.s.a.s.AnnotationActionEndpointMapping : Supporting [WS-Addressing August 2004, WS-Addressing 1.0]
2023-04-18 10:37:22.594  INFO 9332 --- [main] o.s.b.w.embedded.tomcat.TomcatWebServer  : Tomcat initialized with port(s): 8085 (http)
2023-04-18 10:37:22.600  INFO 9332 --- [main] o.apache.catalina.core.StandardService   : Starting service [Tomcat]
2023-04-18 10:37:22.601  INFO 9332 --- [main] org.apache.catalina.core.StandardEngine  : Starting Servlet engine: [Apache Tomcat/9.0.73]
2023-04-18 10:37:22.675  INFO 9332 --- [main] o.a.c.c.C.[Tomcat].[localhost].[/]       : Initializing Spring embedded WebApplicationContext
2023-04-18 10:37:22.675  INFO 9332 --- [main] w.s.c.ServletWebServerApplicationContext : Root WebApplicationContext: initialization completed in 1158 ms
2023-04-18 10:37:23.017  INFO 9332 --- [main] o.s.b.a.w.s.WelcomePageHandlerMapping    : Adding welcome page template: index
2023-04-18 10:37:23.120  INFO 9332 --- [main] com.zaxxer.hikari.HikariDataSource       : HikariPool-1 - Starting...
2023-04-18 10:37:23.122  WARN 9332 --- [main] com.zaxxer.hikari.util.DriverDataSource  : Registered driver with driverClassName=oracle.jdbc.driver.OracleDriver was not found, trying direct instantiation.
2023-04-18 10:37:23.378  INFO 9332 --- [main] com.zaxxer.hikari.HikariDataSource       : HikariPool-1 - Start completed.
2023-04-18 10:37:23.481  INFO 9332 --- [main] o.s.b.w.embedded.tomcat.TomcatWebServer  : Tomcat started on port(s): 8085 (http) with context path ''
2023-04-18 10:37:23.490  INFO 9332 --- [main] bank.project.app.AppApplication          : Started AppApplication in 2.403 seconds (JVM running for 3.112)
2023-04-18 10:38:11.846  INFO 9332 --- [http-nio-8085-exec-1] o.a.c.c.C.[Tomcat].[localhost].[/]       : Initializing Spring DispatcherServlet 'dispatcherServlet'
2023-04-18 10:38:11.847  INFO 9332 --- [http-nio-8085-exec-1] o.s.web.servlet.DispatcherServlet        : Initializing Servlet 'dispatcherServlet'
2023-04-18 10:38:11.848  INFO 9332 --- [http-nio-8085-exec-1] o.s.web.servlet.DispatcherServlet        : Completed initialization in 1 ms
2023-04-18 10:38:18.522  INFO 9332 --- [http-nio-8085-exec-6] bank.project.dao.BankService             : Customer(customerID=102, customerContact=7864386458, customerName=Anvis, customerAddress=WER Street,ASD Road,654, customerStatus=Active, username=anvis, password=anvispass, failedAttempts=0) has been returned to controller
2023-04-18 10:38:21.735  INFO 9332 --- [http-nio-8085-exec-5] bank.project.dao.BankService             : Customer(customerID=102, customerContact=7864386458, customerName=Anvis, customerAddress=WER Street,ASD Road,654, customerStatus=Active, username=anvis, password=anvispass, failedAttempts=1) has been returned to controller
2023-04-18 10:38:27.546  INFO 9332 --- [http-nio-8085-exec-7] bank.project.dao.BankService             : Customer(customerID=102, customerContact=7864386458, customerName=Anvis, customerAddress=WER Street,ASD Road,654, customerStatus=Active, username=anvis, password=anvispass, failedAttempts=2) has been returned to controller
2023-04-18 10:38:36.586  INFO 9332 --- [http-nio-8085-exec-8] bank.project.dao.BankService             : Customer(customerID=102, customerContact=7864386458, customerName=Anvis, customerAddress=WER Street,ASD Road,654, customerStatus=inactive, username=anvis, password=anvispass, failedAttempts=3) has been returned to controller
2023-04-18 10:48:37.943  INFO 19624 --- [main] bank.project.app.AppApplication          : Starting AppApplication using Java 1.8.0_292 on WPG02V1LQ with PID 19624 (C:\DLTE-Full Stack Development\DLTE-Project-App\target\classes started by xxmanoka in C:\DLTE-Full Stack Development\DLTE-Project-App)
2023-04-18 10:48:37.946  INFO 19624 --- [main] bank.project.app.AppApplication          : No active profile set, falling back to 1 default profile: "default"
2023-04-18 10:48:38.514  INFO 19624 --- [main] .s.d.r.c.RepositoryConfigurationDelegate : Bootstrapping Spring Data JDBC repositories in DEFAULT mode.
2023-04-18 10:48:38.523  INFO 19624 --- [main] .s.d.r.c.RepositoryConfigurationDelegate : Finished Spring Data repository scanning in 4 ms. Found 0 JDBC repository interfaces.
2023-04-18 10:48:38.716  INFO 19624 --- [main] trationDelegate$BeanPostProcessorChecker : Bean 'bankConfiguration' of type [bank.project.app.BankConfiguration$$EnhancerBySpringCGLIB$$5a38a2e] is not eligible for getting processed by all BeanPostProcessors (for example: not eligible for auto-proxying)
2023-04-18 10:48:38.717  INFO 19624 --- [main] trationDelegate$BeanPostProcessorChecker : Bean 'org.springframework.ws.config.annotation.DelegatingWsConfiguration' of type [org.springframework.ws.config.annotation.DelegatingWsConfiguration$$EnhancerBySpringCGLIB$$74829ce2] is not eligible for getting processed by all BeanPostProcessors (for example: not eligible for auto-proxying)
2023-04-18 10:48:38.760  INFO 19624 --- [main] .w.s.a.s.AnnotationActionEndpointMapping : Supporting [WS-Addressing August 2004, WS-Addressing 1.0]
2023-04-18 10:48:38.969  INFO 19624 --- [main] o.s.b.w.embedded.tomcat.TomcatWebServer  : Tomcat initialized with port(s): 8085 (http)
2023-04-18 10:48:38.974  INFO 19624 --- [main] o.apache.catalina.core.StandardService   : Starting service [Tomcat]
2023-04-18 10:48:38.974  INFO 19624 --- [main] org.apache.catalina.core.StandardEngine  : Starting Servlet engine: [Apache Tomcat/9.0.73]
2023-04-18 10:48:39.039  INFO 19624 --- [main] o.a.c.c.C.[Tomcat].[localhost].[/]       : Initializing Spring embedded WebApplicationContext
2023-04-18 10:48:39.039  INFO 19624 --- [main] w.s.c.ServletWebServerApplicationContext : Root WebApplicationContext: initialization completed in 1046 ms
2023-04-18 10:48:39.390  INFO 19624 --- [main] o.s.b.a.w.s.WelcomePageHandlerMapping    : Adding welcome page template: index
2023-04-18 10:48:39.521  INFO 19624 --- [main] com.zaxxer.hikari.HikariDataSource       : HikariPool-1 - Starting...
2023-04-18 10:48:39.522  WARN 19624 --- [main] com.zaxxer.hikari.util.DriverDataSource  : Registered driver with driverClassName=oracle.jdbc.driver.OracleDriver was not found, trying direct instantiation.
2023-04-18 10:48:39.697  INFO 19624 --- [main] com.zaxxer.hikari.HikariDataSource       : HikariPool-1 - Start completed.
2023-04-18 10:48:39.806  INFO 19624 --- [main] o.s.b.w.embedded.tomcat.TomcatWebServer  : Tomcat started on port(s): 8085 (http) with context path ''
2023-04-18 10:48:39.847  INFO 19624 --- [main] bank.project.app.AppApplication          : Started AppApplication in 2.275 seconds (JVM running for 2.963)
2023-04-18 10:49:05.423  INFO 19624 --- [http-nio-8085-exec-1] o.a.c.c.C.[Tomcat].[localhost].[/]       : Initializing Spring DispatcherServlet 'dispatcherServlet'
2023-04-18 10:49:05.424  INFO 19624 --- [http-nio-8085-exec-1] o.s.web.servlet.DispatcherServlet        : Initializing Servlet 'dispatcherServlet'
2023-04-18 10:49:05.425  INFO 19624 --- [http-nio-8085-exec-1] o.s.web.servlet.DispatcherServlet        : Completed initialization in 1 ms
2023-04-18 10:49:14.906  INFO 19624 --- [http-nio-8085-exec-5] bank.project.dao.BankService             : Customer(customerID=102, customerContact=7864386458, customerName=Anvis, customerAddress=WER Street,ASD Road,654, customerStatus=Active, username=anvis, password=anvispass, failedAttempts=0) has been returned to controller
2023-04-18 10:49:15.036  INFO 19624 --- [http-nio-8085-exec-8] o.a.c.c.C.[Tomcat].[localhost].[/]       : Initializing Spring MessageDispatcherServlet 'messageDispatcherServlet'
2023-04-18 10:49:15.037  INFO 19624 --- [http-nio-8085-exec-8] o.s.w.t.http.MessageDispatcherServlet    : Initializing Servlet 'messageDispatcherServlet'
2023-04-18 10:49:15.043  INFO 19624 --- [http-nio-8085-exec-8] o.s.ws.soap.saaj.SaajSoapMessageFactory  : Creating SAAJ 1.3 MessageFactory with SOAP 1.1 Protocol
2023-04-18 10:49:15.068  INFO 19624 --- [http-nio-8085-exec-8] o.s.w.t.http.MessageDispatcherServlet    : Completed initialization in 31 ms
2023-04-18 10:49:15.267  INFO 19624 --- [http-nio-8085-exec-8] bank.project.app.BankEndpoints           : soap.project.bank.ListLoanResponse@4f5e701f
2023-04-18 10:49:24.079  INFO 19624 --- [http-nio-8085-exec-6] bank.project.dao.BankService             : Customer(customerID=103, customerContact=8768735558, customerName=Mridul, customerAddress=YUI Road,RTY Street,975, customerStatus=Active, username=mridul, password=mridulpass, failedAttempts=0) has been returned to controller
2023-04-18 10:49:41.906  INFO 19624 --- [http-nio-8085-exec-9] bank.project.dao.BankService             : Customer(customerID=103, customerContact=8768735558, customerName=Mridul, customerAddress=YUI Road,RTY Street,975, customerStatus=Active, username=mridul, password=mridulpass, failedAttempts=1) has been returned to controller
2023-04-18 10:49:41.999  INFO 19624 --- [http-nio-8085-exec-1] bank.project.app.BankEndpoints           : soap.project.bank.ListLoanResponse@af75ba7
2023-04-18 10:50:05.289 ERROR 19624 --- [http-nio-8085-exec-3] bank.project.dao.BankService             : Exception occured in getByUsername method: org.springframework.dao.EmptyResultDataAccessException: Incorrect result size: expected 1, actual 0
2023-04-18 10:52:00.984  INFO 19624 --- [http-nio-8085-exec-4] bank.project.dao.BankService             : Customer(customerID=102, customerContact=7864386458, customerName=Anvis, customerAddress=WER Street,ASD Road,654, customerStatus=Active, username=anvis, password=anvispass, failedAttempts=0) has been returned to controller
2023-04-18 10:52:01.083  INFO 19624 --- [http-nio-8085-exec-6] bank.project.app.BankEndpoints           : soap.project.bank.ListLoanResponse@40d8e614
