2023-04-26 08:24:50.389  INFO 6072 --- [main] bank.project.dao.DaoApplicationTests     : Starting DaoApplicationTests using Java 1.8.0_292 on WPG02V1LQ with PID 6072 (started by xxmanoka in C:\DLTE-Full Stack Development\DLTE-Project-Bank\DLTE-Project-DAO)
2023-04-26 08:24:50.389  INFO 6072 --- [main] bank.project.dao.DaoApplicationTests     : No active profile set, falling back to 1 default profile: "default"
2023-04-26 08:24:50.907  INFO 6072 --- [main] .s.d.r.c.RepositoryConfigurationDelegate : Bootstrapping Spring Data JDBC repositories in DEFAULT mode.
2023-04-26 08:24:50.907  INFO 6072 --- [main] .s.d.r.c.RepositoryConfigurationDelegate : Finished Spring Data repository scanning in 6 ms. Found 0 JDBC repository interfaces.
2023-04-26 08:24:52.101  INFO 6072 --- [main] com.zaxxer.hikari.HikariDataSource       : HikariPool-1 - Starting...
2023-04-26 08:24:52.102  WARN 6072 --- [main] com.zaxxer.hikari.util.DriverDataSource  : Registered driver with driverClassName=oracle.jdbc.driver.OracleDriver was not found, trying direct instantiation.
2023-04-26 08:24:52.574  INFO 6072 --- [main] com.zaxxer.hikari.HikariDataSource       : HikariPool-1 - Start completed.
2023-04-26 08:24:53.029  INFO 6072 --- [main] o.s.s.web.DefaultSecurityFilterChain     : Will secure any request with [org.springframework.security.web.session.DisableEncodeUrlFilter@71cea1b8, org.springframework.security.web.context.request.async.WebAsyncManagerIntegrationFilter@659f226a, org.springframework.security.web.context.SecurityContextPersistenceFilter@45658133, org.springframework.security.web.header.HeaderWriterFilter@62a68bcb, org.springframework.security.web.csrf.CsrfFilter@4c6b4ed7, org.springframework.security.web.authentication.logout.LogoutFilter@6ff0b1cc, org.springframework.security.web.authentication.UsernamePasswordAuthenticationFilter@d4df0e, org.springframework.security.web.authentication.ui.DefaultLoginPageGeneratingFilter@29c17c3d, org.springframework.security.web.authentication.ui.DefaultLogoutPageGeneratingFilter@2e463f4, org.springframework.security.web.authentication.www.BasicAuthenticationFilter@12c0c0b3, org.springframework.security.web.savedrequest.RequestCacheAwareFilter@67536ae0, org.springframework.security.web.servletapi.SecurityContextHolderAwareRequestFilter@d16be4f, org.springframework.security.web.authentication.AnonymousAuthenticationFilter@32ec9c90, org.springframework.security.web.session.SessionManagementFilter@14924f41, org.springframework.security.web.access.ExceptionTranslationFilter@3ff54f3d, org.springframework.security.web.access.intercept.FilterSecurityInterceptor@1d858300]
2023-04-26 08:24:53.124  INFO 6072 --- [main] bank.project.dao.DaoApplicationTests     : Started DaoApplicationTests in 2.991 seconds (JVM running for 3.973)
2023-04-26 08:24:53.879  INFO 6072 --- [main] bank.project.dao.BankService             : 154362
2023-04-26 08:24:53.894  INFO 6072 --- [main] bank.project.dao.BankService             : 8.0
2023-04-26 08:24:53.910  INFO 6072 --- [main] bank.project.dao.BankService             : 154362
2023-04-26 08:24:53.910  INFO 6072 --- [main] bank.project.dao.BankService             : 8.0
2023-04-26 08:24:53.926  INFO 6072 --- [main] bank.project.dao.BankService             : Entered getByUsername() method
2023-04-26 08:24:53.926  INFO 6072 --- [main] bank.project.dao.BankService             : Customer(customerID=100, customerContact=9876543223, customerName=Kiran, customerAddress=XYZ Road,ABC Street,122, customerStatus=Active, username=kiran, password=kiranpass, failedAttempts=0) has been returned to controller
2023-04-26 08:24:53.973  INFO 6072 --- [SpringApplicationShutdownHook] com.zaxxer.hikari.HikariDataSource       : HikariPool-1 - Shutdown initiated...
2023-04-26 08:24:53.981  INFO 6072 --- [SpringApplicationShutdownHook] com.zaxxer.hikari.HikariDataSource       : HikariPool-1 - Shutdown completed.
2023-04-26 08:25:08.473  INFO 19868 --- [main] bank.project.dao.DaoApplicationTests     : Starting DaoApplicationTests using Java 1.8.0_292 on WPG02V1LQ with PID 19868 (started by xxmanoka in C:\DLTE-Full Stack Development\DLTE-Project-Bank\DLTE-Project-DAO)
2023-04-26 08:25:08.473  INFO 19868 --- [main] bank.project.dao.DaoApplicationTests     : No active profile set, falling back to 1 default profile: "default"
2023-04-26 08:25:08.929  INFO 19868 --- [main] .s.d.r.c.RepositoryConfigurationDelegate : Bootstrapping Spring Data JDBC repositories in DEFAULT mode.
2023-04-26 08:25:08.945  INFO 19868 --- [main] .s.d.r.c.RepositoryConfigurationDelegate : Finished Spring Data repository scanning in 7 ms. Found 0 JDBC repository interfaces.
2023-04-26 08:25:09.981  INFO 19868 --- [main] com.zaxxer.hikari.HikariDataSource       : HikariPool-1 - Starting...
2023-04-26 08:25:09.997  WARN 19868 --- [main] com.zaxxer.hikari.util.DriverDataSource  : Registered driver with driverClassName=oracle.jdbc.driver.OracleDriver was not found, trying direct instantiation.
2023-04-26 08:25:10.391  INFO 19868 --- [main] com.zaxxer.hikari.HikariDataSource       : HikariPool-1 - Start completed.
2023-04-26 08:25:10.798  INFO 19868 --- [main] o.s.s.web.DefaultSecurityFilterChain     : Will secure any request with [org.springframework.security.web.session.DisableEncodeUrlFilter@7bcecef6, org.springframework.security.web.context.request.async.WebAsyncManagerIntegrationFilter@46046c06, org.springframework.security.web.context.SecurityContextPersistenceFilter@40247d48, org.springframework.security.web.header.HeaderWriterFilter@5a545b0f, org.springframework.security.web.csrf.CsrfFilter@2db33feb, org.springframework.security.web.authentication.logout.LogoutFilter@7112ce6, org.springframework.security.web.authentication.UsernamePasswordAuthenticationFilter@6dd36ab6, org.springframework.security.web.authentication.ui.DefaultLoginPageGeneratingFilter@45658133, org.springframework.security.web.authentication.ui.DefaultLogoutPageGeneratingFilter@93824eb, org.springframework.security.web.authentication.www.BasicAuthenticationFilter@13e5d243, org.springframework.security.web.savedrequest.RequestCacheAwareFilter@14c93774, org.springframework.security.web.servletapi.SecurityContextHolderAwareRequestFilter@18b74ea, org.springframework.security.web.authentication.AnonymousAuthenticationFilter@7af52ec7, org.springframework.security.web.session.SessionManagementFilter@124dac75, org.springframework.security.web.access.ExceptionTranslationFilter@b73433, org.springframework.security.web.access.intercept.FilterSecurityInterceptor@3ddb774f]
2023-04-26 08:25:10.864  INFO 19868 --- [main] bank.project.dao.DaoApplicationTests     : Started DaoApplicationTests in 2.675 seconds (JVM running for 3.498)
2023-04-26 08:25:11.525  INFO 19868 --- [main] bank.project.dao.BankService             : 154362
2023-04-26 08:25:11.525  INFO 19868 --- [main] bank.project.dao.BankService             : 8.0
2023-04-26 08:25:11.543  INFO 19868 --- [main] bank.project.dao.BankService             : 154362
2023-04-26 08:25:11.543  INFO 19868 --- [main] bank.project.dao.BankService             : 8.0
2023-04-26 08:25:11.574  INFO 19868 --- [main] bank.project.dao.BankService             : Entered getByUsername() method
2023-04-26 08:25:11.574  INFO 19868 --- [main] bank.project.dao.BankService             : Customer(customerID=100, customerContact=9876543223, customerName=Kiran, customerAddress=XYZ Road,ABC Street,122, customerStatus=Active, username=kiran, password=kiranpass, failedAttempts=0) has been returned to controller
2023-04-26 08:25:11.620  INFO 19868 --- [SpringApplicationShutdownHook] com.zaxxer.hikari.HikariDataSource       : HikariPool-1 - Shutdown initiated...
2023-04-26 08:25:11.620  INFO 19868 --- [SpringApplicationShutdownHook] com.zaxxer.hikari.HikariDataSource       : HikariPool-1 - Shutdown completed.
2023-04-26 11:37:04.987  INFO 19716 --- [main] bank.project.dao.DaoApplicationTests     : Starting DaoApplicationTests using Java 1.8.0_292 on WPG02V1LQ with PID 19716 (started by xxmanoka in C:\DLTE-Full Stack Development\DLTE-Project-Bank\DLTE-Project-DAO)
2023-04-26 11:37:04.988  INFO 19716 --- [main] bank.project.dao.DaoApplicationTests     : No active profile set, falling back to 1 default profile: "default"
2023-04-26 11:37:05.476  INFO 19716 --- [main] .s.d.r.c.RepositoryConfigurationDelegate : Bootstrapping Spring Data JDBC repositories in DEFAULT mode.
2023-04-26 11:37:05.488  INFO 19716 --- [main] .s.d.r.c.RepositoryConfigurationDelegate : Finished Spring Data repository scanning in 7 ms. Found 0 JDBC repository interfaces.
2023-04-26 11:37:06.696  INFO 19716 --- [main] com.zaxxer.hikari.HikariDataSource       : HikariPool-1 - Starting...
2023-04-26 11:37:06.702  WARN 19716 --- [main] com.zaxxer.hikari.util.DriverDataSource  : Registered driver with driverClassName=oracle.jdbc.driver.OracleDriver was not found, trying direct instantiation.
2023-04-26 11:37:07.114  INFO 19716 --- [main] com.zaxxer.hikari.HikariDataSource       : HikariPool-1 - Start completed.
2023-04-26 11:37:07.569  INFO 19716 --- [main] o.s.s.web.DefaultSecurityFilterChain     : Will secure any request with [org.springframework.security.web.session.DisableEncodeUrlFilter@1d858300, org.springframework.security.web.context.request.async.WebAsyncManagerIntegrationFilter@76f881d9, org.springframework.security.web.context.SecurityContextPersistenceFilter@6ca30b8a, org.springframework.security.web.header.HeaderWriterFilter@4d84049a, org.springframework.security.web.csrf.CsrfFilter@76544c0a, org.springframework.security.web.authentication.logout.LogoutFilter@493da830, org.springframework.security.web.authentication.UsernamePasswordAuthenticationFilter@7980cf2c, org.springframework.security.web.authentication.ui.DefaultLoginPageGeneratingFilter@58253c57, org.springframework.security.web.authentication.ui.DefaultLogoutPageGeneratingFilter@6dd36ab6, org.springframework.security.web.authentication.www.BasicAuthenticationFilter@20a967fe, org.springframework.security.web.savedrequest.RequestCacheAwareFilter@5c9934da, org.springframework.security.web.servletapi.SecurityContextHolderAwareRequestFilter@383caf89, org.springframework.security.web.authentication.AnonymousAuthenticationFilter@50a13c2f, org.springframework.security.web.session.SessionManagementFilter@642857e0, org.springframework.security.web.access.ExceptionTranslationFilter@54e12f4c, org.springframework.security.web.access.intercept.FilterSecurityInterceptor@3c0e00a8]
2023-04-26 11:37:07.664  INFO 19716 --- [main] bank.project.dao.DaoApplicationTests     : Started DaoApplicationTests in 2.971 seconds (JVM running for 3.931)
2023-04-26 11:37:08.367  INFO 19716 --- [main] bank.project.dao.BankService             : 154362
2023-04-26 11:37:08.368  INFO 19716 --- [main] bank.project.dao.BankService             : 8.0
2023-04-26 11:37:08.385  INFO 19716 --- [main] bank.project.dao.BankService             : 154362
2023-04-26 11:37:08.386  INFO 19716 --- [main] bank.project.dao.BankService             : 8.0
2023-04-26 11:37:08.406  INFO 19716 --- [main] bank.project.dao.BankService             : Entered getByUsername() method
2023-04-26 11:37:08.408  INFO 19716 --- [main] bank.project.dao.BankService             : Customer(customerID=100, customerContact=9876543223, customerName=Kiran, customerAddress=XYZ Road,ABC Street,122, customerStatus=Active, username=kiran, password=kiranpass, failedAttempts=0) has been returned to controller
2023-04-26 11:37:08.451  INFO 19716 --- [SpringApplicationShutdownHook] com.zaxxer.hikari.HikariDataSource       : HikariPool-1 - Shutdown initiated...
2023-04-26 11:37:08.460  INFO 19716 --- [SpringApplicationShutdownHook] com.zaxxer.hikari.HikariDataSource       : HikariPool-1 - Shutdown completed.
2023-04-26 11:39:29.504  INFO 19404 --- [main] bank.project.dao.DaoApplicationTests     : Starting DaoApplicationTests using Java 1.8.0_292 on WPG02V1LQ with PID 19404 (started by xxmanoka in C:\DLTE-Full Stack Development\DLTE-Project-Bank\DLTE-Project-DAO)
2023-04-26 11:39:29.505  INFO 19404 --- [main] bank.project.dao.DaoApplicationTests     : No active profile set, falling back to 1 default profile: "default"
2023-04-26 11:39:30.039  INFO 19404 --- [main] .s.d.r.c.RepositoryConfigurationDelegate : Bootstrapping Spring Data JDBC repositories in DEFAULT mode.
2023-04-26 11:39:30.053  INFO 19404 --- [main] .s.d.r.c.RepositoryConfigurationDelegate : Finished Spring Data repository scanning in 8 ms. Found 0 JDBC repository interfaces.
2023-04-26 11:39:31.281  INFO 19404 --- [main] com.zaxxer.hikari.HikariDataSource       : HikariPool-1 - Starting...
2023-04-26 11:39:31.288  WARN 19404 --- [main] com.zaxxer.hikari.util.DriverDataSource  : Registered driver with driverClassName=oracle.jdbc.driver.OracleDriver was not found, trying direct instantiation.
2023-04-26 11:39:31.842  INFO 19404 --- [main] com.zaxxer.hikari.HikariDataSource       : HikariPool-1 - Start completed.
2023-04-26 11:39:32.530  INFO 19404 --- [main] o.s.s.web.DefaultSecurityFilterChain     : Will secure any request with [org.springframework.security.web.session.DisableEncodeUrlFilter@74606204, org.springframework.security.web.context.request.async.WebAsyncManagerIntegrationFilter@6b6eae52, org.springframework.security.web.context.SecurityContextPersistenceFilter@58253c57, org.springframework.security.web.header.HeaderWriterFilter@4cb702ce, org.springframework.security.web.csrf.CsrfFilter@3aaa3c39, org.springframework.security.web.authentication.logout.LogoutFilter@6bcb12e6, org.springframework.security.web.authentication.UsernamePasswordAuthenticationFilter@70721c12, org.springframework.security.web.authentication.ui.DefaultLoginPageGeneratingFilter@40247d48, org.springframework.security.web.authentication.ui.DefaultLogoutPageGeneratingFilter@d4df0e, org.springframework.security.web.authentication.www.BasicAuthenticationFilter@53c99b09, org.springframework.security.web.savedrequest.RequestCacheAwareFilter@1bf14704, org.springframework.security.web.servletapi.SecurityContextHolderAwareRequestFilter@2be21396, org.springframework.security.web.authentication.AnonymousAuthenticationFilter@7ae0cc89, org.springframework.security.web.session.SessionManagementFilter@64c781a9, org.springframework.security.web.access.ExceptionTranslationFilter@4a92c6a9, org.springframework.security.web.access.intercept.FilterSecurityInterceptor@3b4825f0]
2023-04-26 11:39:32.614  INFO 19404 --- [main] bank.project.dao.DaoApplicationTests     : Started DaoApplicationTests in 3.427 seconds (JVM running for 4.401)
2023-04-26 11:39:33.305  INFO 19404 --- [main] bank.project.dao.BankService             : 154362
2023-04-26 11:39:33.305  INFO 19404 --- [main] bank.project.dao.BankService             : 8.0
2023-04-26 11:39:33.321  INFO 19404 --- [main] bank.project.dao.BankService             : 154362
2023-04-26 11:39:33.322  INFO 19404 --- [main] bank.project.dao.BankService             : 8.0
2023-04-26 11:39:33.340  INFO 19404 --- [main] bank.project.dao.BankService             : Entered getByUsername() method
2023-04-26 11:39:33.341  INFO 19404 --- [main] bank.project.dao.BankService             : Username :kiran
2023-04-26 11:39:33.342  INFO 19404 --- [main] bank.project.dao.BankService             : Customer(customerID=100, customerContact=9876543223, customerName=Kiran, customerAddress=XYZ Road,ABC Street,122, customerStatus=Active, username=kiran, password=kiranpass, failedAttempts=0) has been returned to controller
2023-04-26 11:39:33.393  INFO 19404 --- [SpringApplicationShutdownHook] com.zaxxer.hikari.HikariDataSource       : HikariPool-1 - Shutdown initiated...
2023-04-26 11:39:33.413  INFO 19404 --- [SpringApplicationShutdownHook] com.zaxxer.hikari.HikariDataSource       : HikariPool-1 - Shutdown completed.
2023-04-26 15:29:18.381  INFO 8944 --- [main] bank.project.dao.DaoApplicationTests     : Starting DaoApplicationTests using Java 1.8.0_292 on WPG02V1LQ with PID 8944 (started by xxmanoka in C:\DLTE-Full Stack Development\DLTE-Project-Bank\DLTE-Project-DAO)
2023-04-26 15:29:18.383  INFO 8944 --- [main] bank.project.dao.DaoApplicationTests     : No active profile set, falling back to 1 default profile: "default"
2023-04-26 15:29:18.894  INFO 8944 --- [main] .s.d.r.c.RepositoryConfigurationDelegate : Bootstrapping Spring Data JDBC repositories in DEFAULT mode.
2023-04-26 15:29:18.905  INFO 8944 --- [main] .s.d.r.c.RepositoryConfigurationDelegate : Finished Spring Data repository scanning in 6 ms. Found 0 JDBC repository interfaces.
2023-04-26 15:29:20.156  INFO 8944 --- [main] com.zaxxer.hikari.HikariDataSource       : HikariPool-1 - Starting...
2023-04-26 15:29:20.161  WARN 8944 --- [main] com.zaxxer.hikari.util.DriverDataSource  : Registered driver with driverClassName=oracle.jdbc.driver.OracleDriver was not found, trying direct instantiation.
2023-04-26 15:29:20.593  INFO 8944 --- [main] com.zaxxer.hikari.HikariDataSource       : HikariPool-1 - Start completed.
2023-04-26 15:29:21.093  INFO 8944 --- [main] o.s.s.web.DefaultSecurityFilterChain     : Will secure any request with [org.springframework.security.web.session.DisableEncodeUrlFilter@de7e193, org.springframework.security.web.context.request.async.WebAsyncManagerIntegrationFilter@13e5d243, org.springframework.security.web.context.SecurityContextPersistenceFilter@2be21396, org.springframework.security.web.header.HeaderWriterFilter@5b88b8e, org.springframework.security.web.csrf.CsrfFilter@2db1b657, org.springframework.security.web.authentication.logout.LogoutFilter@1665fa54, org.springframework.security.web.authentication.UsernamePasswordAuthenticationFilter@405b6d75, org.springframework.security.web.authentication.ui.DefaultLoginPageGeneratingFilter@18b74ea, org.springframework.security.web.authentication.ui.DefaultLogoutPageGeneratingFilter@35ef439e, org.springframework.security.web.authentication.www.BasicAuthenticationFilter@6b6eae52, org.springframework.security.web.savedrequest.RequestCacheAwareFilter@315105f, org.springframework.security.web.servletapi.SecurityContextHolderAwareRequestFilter@40247d48, org.springframework.security.web.authentication.AnonymousAuthenticationFilter@4997552e, org.springframework.security.web.session.SessionManagementFilter@b73433, org.springframework.security.web.access.ExceptionTranslationFilter@64c781a9, org.springframework.security.web.access.intercept.FilterSecurityInterceptor@759de304]
2023-04-26 15:29:21.186  INFO 8944 --- [main] bank.project.dao.DaoApplicationTests     : Started DaoApplicationTests in 3.125 seconds (JVM running for 4.347)
2023-04-26 15:29:22.021  INFO 8944 --- [main] bank.project.dao.BankService             : 154362
2023-04-26 15:29:22.023  INFO 8944 --- [main] bank.project.dao.BankService             : 8.0
2023-04-26 15:29:22.023  INFO 8944 --- [main] bank.project.dao.BankService             : Your loan application has been forwarded
2023-04-26 15:29:22.056  INFO 8944 --- [main] bank.project.dao.BankService             : 154362
2023-04-26 15:29:22.056  INFO 8944 --- [main] bank.project.dao.BankService             : 8.0
2023-04-26 15:29:22.056  INFO 8944 --- [main] bank.project.dao.BankService             : Your loan application has been forwarded
2023-04-26 15:29:22.066  INFO 8944 --- [main] bank.project.dao.BankService             : list of loan schemes retrieval
2023-04-26 15:29:22.076  INFO 8944 --- [main] bank.project.dao.BankService             : list of loan schemes retrieval
2023-04-26 15:29:22.081  INFO 8944 --- [main] bank.project.dao.BankService             : Entered getByUsername() method
2023-04-26 15:29:22.081  INFO 8944 --- [main] bank.project.dao.BankService             : Username :kiran
2023-04-26 15:29:22.081  INFO 8944 --- [main] bank.project.dao.BankService             : Customer(customerID=100, customerContact=9876543223, customerName=Kiran, customerAddress=XYZ Road,ABC Street,122, customerStatus=Active, username=kiran, password=kiranpass, failedAttempts=0) has been returned to controller
2023-04-26 15:29:22.122  INFO 8944 --- [SpringApplicationShutdownHook] com.zaxxer.hikari.HikariDataSource       : HikariPool-1 - Shutdown initiated...
2023-04-26 15:29:22.131  INFO 8944 --- [SpringApplicationShutdownHook] com.zaxxer.hikari.HikariDataSource       : HikariPool-1 - Shutdown completed.
2023-04-26 15:40:27.010  INFO 21004 --- [main] bank.project.dao.DaoApplicationTests     : Starting DaoApplicationTests using Java 1.8.0_292 on WPG02V1LQ with PID 21004 (started by xxmanoka in C:\DLTE-Full Stack Development\DLTE-Project-Bank\DLTE-Project-DAO)
2023-04-26 15:40:27.011  INFO 21004 --- [main] bank.project.dao.DaoApplicationTests     : No active profile set, falling back to 1 default profile: "default"
2023-04-26 15:40:27.635  INFO 21004 --- [main] .s.d.r.c.RepositoryConfigurationDelegate : Bootstrapping Spring Data JDBC repositories in DEFAULT mode.
2023-04-26 15:40:27.649  INFO 21004 --- [main] .s.d.r.c.RepositoryConfigurationDelegate : Finished Spring Data repository scanning in 9 ms. Found 0 JDBC repository interfaces.
2023-04-26 15:40:29.019  INFO 21004 --- [main] com.zaxxer.hikari.HikariDataSource       : HikariPool-1 - Starting...
2023-04-26 15:40:29.028  WARN 21004 --- [main] com.zaxxer.hikari.util.DriverDataSource  : Registered driver with driverClassName=oracle.jdbc.driver.OracleDriver was not found, trying direct instantiation.
2023-04-26 15:40:29.547  INFO 21004 --- [main] com.zaxxer.hikari.HikariDataSource       : HikariPool-1 - Start completed.
2023-04-26 15:40:30.045  INFO 21004 --- [main] o.s.s.web.DefaultSecurityFilterChain     : Will secure any request with [org.springframework.security.web.session.DisableEncodeUrlFilter@77c1e611, org.springframework.security.web.context.request.async.WebAsyncManagerIntegrationFilter@12c0c0b3, org.springframework.security.web.context.SecurityContextPersistenceFilter@18b74ea, org.springframework.security.web.header.HeaderWriterFilter@7b61bf11, org.springframework.security.web.csrf.CsrfFilter@60990e5c, org.springframework.security.web.authentication.logout.LogoutFilter@7efa3f63, org.springframework.security.web.authentication.UsernamePasswordAuthenticationFilter@2539cd1c, org.springframework.security.web.authentication.ui.DefaultLoginPageGeneratingFilter@d16be4f, org.springframework.security.web.authentication.ui.DefaultLogoutPageGeneratingFilter@5a97b17c, org.springframework.security.web.authentication.www.BasicAuthenticationFilter@46046c06, org.springframework.security.web.savedrequest.RequestCacheAwareFilter@493da830, org.springframework.security.web.servletapi.SecurityContextHolderAwareRequestFilter@45658133, org.springframework.security.web.authentication.AnonymousAuthenticationFilter@9c73fff, org.springframework.security.web.session.SessionManagementFilter@3ff54f3d, org.springframework.security.web.access.ExceptionTranslationFilter@124dac75, org.springframework.security.web.access.intercept.FilterSecurityInterceptor@101ca8da]
2023-04-26 15:40:30.133  INFO 21004 --- [main] bank.project.dao.DaoApplicationTests     : Started DaoApplicationTests in 3.49 seconds (JVM running for 4.684)
2023-04-26 15:40:30.844  INFO 21004 --- [main] bank.project.dao.BankService             : 154362
2023-04-26 15:40:30.844  INFO 21004 --- [main] bank.project.dao.BankService             : 8.0
2023-04-26 15:40:30.844  INFO 21004 --- [main] bank.project.dao.BankService             : Your loan application has been forwarded
2023-04-26 15:40:30.869  INFO 21004 --- [main] bank.project.dao.BankService             : 154362
2023-04-26 15:40:30.869  INFO 21004 --- [main] bank.project.dao.BankService             : 8.0
2023-04-26 15:40:30.870  INFO 21004 --- [main] bank.project.dao.BankService             : Your loan application has been forwarded
2023-04-26 15:40:30.878  INFO 21004 --- [main] bank.project.dao.BankService             : list of loan schemes retrieval
2023-04-26 15:40:30.885  INFO 21004 --- [main] bank.project.dao.BankService             : list of loan schemes retrieval
2023-04-26 15:40:30.892  INFO 21004 --- [main] bank.project.dao.BankService             : Entered getByUsername() method
2023-04-26 15:40:30.892  INFO 21004 --- [main] bank.project.dao.BankService             : Username :kiran
2023-04-26 15:40:30.893  INFO 21004 --- [main] bank.project.dao.BankService             : Customer(customerID=100, customerContact=9876543223, customerName=Kiran, customerAddress=XYZ Road,ABC Street,122, customerStatus=Active, username=kiran, password=kiranpass, failedAttempts=0) has been returned to controller
2023-04-26 15:40:30.972  INFO 21004 --- [SpringApplicationShutdownHook] com.zaxxer.hikari.HikariDataSource       : HikariPool-1 - Shutdown initiated...
2023-04-26 15:40:30.984  INFO 21004 --- [SpringApplicationShutdownHook] com.zaxxer.hikari.HikariDataSource       : HikariPool-1 - Shutdown completed.
